<?xml version="1.0" encoding="UTF-8"?>
<testng-results ignored="0" total="2" passed="2" failed="0" skipped="0">
  <reporter-output>
  </reporter-output>
  <suite started-at="2022-01-16T11:17:16 IST" name="Default suite" finished-at="2022-01-16T11:17:24 IST" duration-ms="8378">
    <groups>
    </groups>
    <test started-at="2022-01-16T11:17:16 IST" name="Default test" finished-at="2022-01-16T11:17:24 IST" duration-ms="8378">
      <class name="FinalDemo.LoginTestCase">
        <test-method signature="demo1(java.lang.String,java.lang.String)[pri:0, instance:FinalDemo.LoginTestCase@123ef382]" started-at="2022-01-16T11:17:16 IST" name="demo1" data-provider="getdata" finished-at="2022-01-16T11:17:20 IST" duration-ms="4573" status="PASS">
          <params>
            <param index="0">
              <value>
                <![CDATA[Test]]>
              </value>
            </param>
            <param index="1">
              <value>
                <![CDATA[Password1]]>
              </value>
            </param>
          </params>
          <reporter-output>
          </reporter-output>
        </test-method> <!-- demo1 -->
        <test-method signature="demo1(java.lang.String,java.lang.String)[pri:0, instance:FinalDemo.LoginTestCase@123ef382]" started-at="2022-01-16T11:17:20 IST" name="demo1" data-provider="getdata" finished-at="2022-01-16T11:17:24 IST" duration-ms="3756" status="PASS">
          <params>
            <param index="0">
              <value>
                <![CDATA[Test1]]>
              </value>
            </param>
            <param index="1">
              <value>
                <![CDATA[Password123]]>
              </value>
            </param>
          </params>
          <reporter-output>
          </reporter-output>
        </test-method> <!-- demo1 -->
      </class> <!-- FinalDemo.LoginTestCase -->
    </test> <!-- Default test -->
  </suite> <!-- Default suite -->
</testng-results>
